<?xml version="1.0" encoding="UTF-8"?>
<!-- Generated by org.testng.reporters.JUnitXMLReporter -->
<testsuite hostname="DESKTOP-EQHOLA5" ignored="3" name="brandSmartDesktop" tests="1" failures="1" timestamp="30 Aug 2019 13:56:43 GMT" time="24.774" errors="0">
  <testcase name="TC_02" time="1.251" classname="com.bm.qa.testcases.HomePageTest">
    <failure type="java.lang.NullPointerException">
      <![CDATA[java.lang.NullPointerException
at com.bm.qa.pages.HomePage.clickLogin(HomePage.java:147)
at com.bm.qa.testcases.HomePageTest.TC_02(HomePageTest.java:74)
... Removed 25 stack frames]]>
    </failure>
  </testcase> <!-- TC_02 -->
  <testcase name="TC_15" time="0.0" classname="com.bm.qa.testcases.HomePageTest">
    <ignored/>
  </testcase> <!-- TC_15 -->
  <testcase name="TC_01" time="0.0" classname="com.bm.qa.testcases.HomePageTest">
    <ignored/>
  </testcase> <!-- TC_01 -->
  <testcase name="TC_08" time="0.0" classname="com.bm.qa.testcases.HomePageTest">
    <ignored/>
  </testcase> <!-- TC_08 -->
</testsuite> <!-- brandSmartDesktop -->
