<?xml version="1.0" encoding="UTF-8"?>
<!-- Generated by org.testng.reporters.JUnitXMLReporter -->
<testsuite hostname="DESKTOP-EQHOLA5" ignored="2" name="Default test" tests="1" failures="0" timestamp="06 Sep 2019 08:00:55 GMT" time="30.979" errors="0">
  <testcase name="TC_03" time="8.269" classname="com.bm.qa.testcases.AccountManagementTest"/>
  <testcase name="TC_04" time="0.0" classname="com.bm.qa.testcases.AccountManagementTest">
    <ignored/>
  </testcase> <!-- TC_04 -->
  <testcase name="TC_03_1" time="0.0" classname="com.bm.qa.testcases.AccountManagementTest">
    <ignored/>
  </testcase> <!-- TC_03_1 -->
</testsuite> <!-- Default test -->
