<?xml version="1.0" encoding="UTF-8"?>
<!-- Generated by org.testng.reporters.JUnitXMLReporter -->
<testsuite hostname="DESKTOP-EQHOLA5" ignored="3" name="brandSmartDesktop" tests="1" failures="1" timestamp="30 Aug 2019 14:02:23 GMT" time="23.141" errors="0">
  <testcase name="TC_01" time="0.682" classname="com.bm.qa.testcases.HomePageTest">
    <failure type="java.lang.NullPointerException">
      <![CDATA[java.lang.NullPointerException
at com.bm.qa.pages.HomePage.clickOnRegisterLink(HomePage.java:71)
at com.bm.qa.testcases.HomePageTest.TC_01(HomePageTest.java:66)
... Removed 25 stack frames]]>
    </failure>
  </testcase> <!-- TC_01 -->
  <testcase name="TC_15" time="0.0" classname="com.bm.qa.testcases.HomePageTest">
    <ignored/>
  </testcase> <!-- TC_15 -->
  <testcase name="TC_02" time="0.0" classname="com.bm.qa.testcases.HomePageTest">
    <ignored/>
  </testcase> <!-- TC_02 -->
  <testcase name="TC_08" time="0.0" classname="com.bm.qa.testcases.HomePageTest">
    <ignored/>
  </testcase> <!-- TC_08 -->
</testsuite> <!-- brandSmartDesktop -->
